2019-07-24 14:49:38,030 ERROR 14584 [-/127.0.0.1/-/59ms POST /v1/deleteShop] nodejs.CastError: Cast to string failed for value "{}" at path "cid" for model "ShopList"
    at new CastError (C:\Users\92093\Desktop\shop\server\node_modules\mongoose\lib\error\cast.js:29:11)
    at SchemaString.cast (C:\Users\92093\Desktop\shop\server\node_modules\mongoose\lib\schema\string.js:553:11)
    at SchemaString.SchemaType.applySetters (C:\Users\92093\Desktop\shop\server\node_modules\mongoose\lib\schematype.js:948:12)
    at SchemaString.SchemaType._castForQuery (C:\Users\92093\Desktop\shop\server\node_modules\mongoose\lib\schematype.js:1362:15)
    at SchemaString.castForQuery (C:\Users\92093\Desktop\shop\server\node_modules\mongoose\lib\schema\string.js:609:15)
    at SchemaString.SchemaType.castForQueryWrapper (C:\Users\92093\Desktop\shop\server\node_modules\mongoose\lib\schematype.js:1331:15)
    at cast (C:\Users\92093\Desktop\shop\server\node_modules\mongoose\lib\cast.js:252:34)
    at model.Query.Query.cast (C:\Users\92093\Desktop\shop\server\node_modules\mongoose\lib\query.js:4576:12)
    at model.Query.Query._castConditions (C:\Users\92093\Desktop\shop\server\node_modules\mongoose\lib\query.js:1783:10)
    at model.Query.<anonymous> (C:\Users\92093\Desktop\shop\server\node_modules\mongoose\lib\query.js:2719:8)
    at model.Query._wrappedThunk [as _deleteMany] (C:\Users\92093\Desktop\shop\server\node_modules\mongoose\lib\helpers\query\wrapThunk.js:16:8)
    at process.nextTick (C:\Users\92093\Desktop\shop\server\node_modules\kareem\index.js:369:33)
    at process._tickCallback (internal/process/next_tick.js:61:11)
message: "Cast to string failed for value \"{}\" at path \"cid\" for model \"ShopList\""
name: "CastError"
stringValue: "\"{}\""
kind: "string"
value: {}
path: "cid"
reason: undefined
model: undefined
pid: 14584
hostname: DESKTOP-G8U2CQ7

2019-07-24 14:49:45,868 ERROR 14584 [-/127.0.0.1/-/2ms POST /v1/deleteShop] nodejs.CastError: Cast to string failed for value "{}" at path "cid" for model "ShopList"
    at new CastError (C:\Users\92093\Desktop\shop\server\node_modules\mongoose\lib\error\cast.js:29:11)
    at SchemaString.cast (C:\Users\92093\Desktop\shop\server\node_modules\mongoose\lib\schema\string.js:553:11)
    at SchemaString.SchemaType.applySetters (C:\Users\92093\Desktop\shop\server\node_modules\mongoose\lib\schematype.js:948:12)
    at SchemaString.SchemaType._castForQuery (C:\Users\92093\Desktop\shop\server\node_modules\mongoose\lib\schematype.js:1362:15)
    at SchemaString.castForQuery (C:\Users\92093\Desktop\shop\server\node_modules\mongoose\lib\schema\string.js:609:15)
    at SchemaString.SchemaType.castForQueryWrapper (C:\Users\92093\Desktop\shop\server\node_modules\mongoose\lib\schematype.js:1331:15)
    at cast (C:\Users\92093\Desktop\shop\server\node_modules\mongoose\lib\cast.js:252:34)
    at model.Query.Query.cast (C:\Users\92093\Desktop\shop\server\node_modules\mongoose\lib\query.js:4576:12)
    at model.Query.Query._castConditions (C:\Users\92093\Desktop\shop\server\node_modules\mongoose\lib\query.js:1783:10)
    at model.Query.<anonymous> (C:\Users\92093\Desktop\shop\server\node_modules\mongoose\lib\query.js:2719:8)
    at model.Query._wrappedThunk [as _deleteMany] (C:\Users\92093\Desktop\shop\server\node_modules\mongoose\lib\helpers\query\wrapThunk.js:16:8)
    at process.nextTick (C:\Users\92093\Desktop\shop\server\node_modules\kareem\index.js:369:33)
    at process._tickCallback (internal/process/next_tick.js:61:11)
message: "Cast to string failed for value \"{}\" at path \"cid\" for model \"ShopList\""
name: "CastError"
stringValue: "\"{}\""
kind: "string"
value: {}
path: "cid"
reason: undefined
model: undefined
pid: 14584
hostname: DESKTOP-G8U2CQ7

2019-07-24 14:52:23,267 ERROR 14584 [-/127.0.0.1/-/1ms POST /v1/deleteShop] nodejs.CastError: Cast to string failed for value "{}" at path "cid" for model "ShopList"
    at new CastError (C:\Users\92093\Desktop\shop\server\node_modules\mongoose\lib\error\cast.js:29:11)
    at SchemaString.cast (C:\Users\92093\Desktop\shop\server\node_modules\mongoose\lib\schema\string.js:553:11)
    at SchemaString.SchemaType.applySetters (C:\Users\92093\Desktop\shop\server\node_modules\mongoose\lib\schematype.js:948:12)
    at SchemaString.SchemaType._castForQuery (C:\Users\92093\Desktop\shop\server\node_modules\mongoose\lib\schematype.js:1362:15)
    at SchemaString.castForQuery (C:\Users\92093\Desktop\shop\server\node_modules\mongoose\lib\schema\string.js:609:15)
    at SchemaString.SchemaType.castForQueryWrapper (C:\Users\92093\Desktop\shop\server\node_modules\mongoose\lib\schematype.js:1331:15)
    at cast (C:\Users\92093\Desktop\shop\server\node_modules\mongoose\lib\cast.js:252:34)
    at model.Query.Query.cast (C:\Users\92093\Desktop\shop\server\node_modules\mongoose\lib\query.js:4576:12)
    at model.Query.Query._castConditions (C:\Users\92093\Desktop\shop\server\node_modules\mongoose\lib\query.js:1783:10)
    at model.Query.<anonymous> (C:\Users\92093\Desktop\shop\server\node_modules\mongoose\lib\query.js:2719:8)
    at model.Query._wrappedThunk [as _deleteMany] (C:\Users\92093\Desktop\shop\server\node_modules\mongoose\lib\helpers\query\wrapThunk.js:16:8)
    at process.nextTick (C:\Users\92093\Desktop\shop\server\node_modules\kareem\index.js:369:33)
    at process._tickCallback (internal/process/next_tick.js:61:11)
message: "Cast to string failed for value \"{}\" at path \"cid\" for model \"ShopList\""
name: "CastError"
stringValue: "\"{}\""
kind: "string"
value: {}
path: "cid"
reason: undefined
model: undefined
pid: 14584
hostname: DESKTOP-G8U2CQ7

2019-07-24 15:40:04,973 ERROR 14584 [-/127.0.0.1/-/7ms POST /v1/collection] nodejs.TypeError: Cannot read property 'id' of null
    at OperatingGoodsController.collection (C:\Users\92093\Desktop\shop\server\app\controller\api\operatingGoods.js:16:24)
    at process._tickCallback (internal/process/next_tick.js:68:7)

pid: 14584
hostname: DESKTOP-G8U2CQ7

2019-07-24 15:40:05,327 ERROR 14584 [-/127.0.0.1/-/3ms POST /v1/collection] nodejs.TypeError: Cannot read property 'id' of null
    at OperatingGoodsController.collection (C:\Users\92093\Desktop\shop\server\app\controller\api\operatingGoods.js:16:24)
    at process._tickCallback (internal/process/next_tick.js:68:7)

pid: 14584
hostname: DESKTOP-G8U2CQ7

2019-07-24 15:48:21,171 ERROR 14584 [-/127.0.0.1/-/5ms POST /v1/collection] nodejs.TypeError: Cannot read property 'id' of null
    at OperatingGoodsController.collection (C:\Users\92093\Desktop\shop\server\app\controller\api\operatingGoods.js:16:24)
    at process._tickCallback (internal/process/next_tick.js:68:7)

pid: 14584
hostname: DESKTOP-G8U2CQ7

2019-07-24 15:48:22,446 ERROR 14584 [-/127.0.0.1/-/3ms POST /v1/collection] nodejs.TypeError: Cannot read property 'id' of null
    at OperatingGoodsController.collection (C:\Users\92093\Desktop\shop\server\app\controller\api\operatingGoods.js:16:24)
    at process._tickCallback (internal/process/next_tick.js:68:7)

pid: 14584
hostname: DESKTOP-G8U2CQ7

2019-07-24 16:03:30,195 ERROR 14584 [-/127.0.0.1/-/20ms POST /v1/collection] nodejs.TypeError: Cannot read property 'id' of null
    at OperatingGoodsController.collection (C:\Users\92093\Desktop\shop\server\app\controller\api\operatingGoods.js:16:24)
    at process._tickCallback (internal/process/next_tick.js:68:7)

pid: 14584
hostname: DESKTOP-G8U2CQ7

2019-07-24 16:03:33,688 ERROR 14584 [-/127.0.0.1/-/3ms POST /v1/collection] nodejs.TypeError: Cannot read property 'id' of null
    at OperatingGoodsController.collection (C:\Users\92093\Desktop\shop\server\app\controller\api\operatingGoods.js:16:24)
    at process._tickCallback (internal/process/next_tick.js:68:7)

pid: 14584
hostname: DESKTOP-G8U2CQ7

2019-07-24 16:05:42,498 ERROR 14584 [-/127.0.0.1/-/3ms POST /v1/collection] nodejs.TypeError: Cannot read property 'id' of null
    at OperatingGoodsController.collection (C:\Users\92093\Desktop\shop\server\app\controller\api\operatingGoods.js:16:24)
    at process._tickCallback (internal/process/next_tick.js:68:7)

pid: 14584
hostname: DESKTOP-G8U2CQ7

2019-07-24 16:06:32,674 ERROR 14584 [-/127.0.0.1/-/13ms POST /v1/collection] nodejs.TypeError: Cannot read property 'id' of null
    at OperatingGoodsController.collection (C:\Users\92093\Desktop\shop\server\app\controller\api\operatingGoods.js:16:24)
    at process._tickCallback (internal/process/next_tick.js:68:7)

pid: 14584
hostname: DESKTOP-G8U2CQ7

2019-07-24 16:09:53,517 ERROR 14584 [-/127.0.0.1/-/4ms POST /v1/collection] nodejs.TypeError: Cannot read property 'id' of null
    at OperatingGoodsController.collection (C:\Users\92093\Desktop\shop\server\app\controller\api\operatingGoods.js:16:24)
    at process._tickCallback (internal/process/next_tick.js:68:7)

pid: 14584
hostname: DESKTOP-G8U2CQ7

2019-07-24 16:09:54,095 ERROR 14584 [-/127.0.0.1/-/3ms POST /v1/collection] nodejs.TypeError: Cannot read property 'id' of null
    at OperatingGoodsController.collection (C:\Users\92093\Desktop\shop\server\app\controller\api\operatingGoods.js:16:24)
    at process._tickCallback (internal/process/next_tick.js:68:7)

pid: 14584
hostname: DESKTOP-G8U2CQ7

2019-07-24 16:09:54,343 ERROR 14584 [-/127.0.0.1/-/2ms POST /v1/collection] nodejs.TypeError: Cannot read property 'id' of null
    at OperatingGoodsController.collection (C:\Users\92093\Desktop\shop\server\app\controller\api\operatingGoods.js:16:24)
    at process._tickCallback (internal/process/next_tick.js:68:7)

pid: 14584
hostname: DESKTOP-G8U2CQ7

2019-07-24 16:10:13,095 ERROR 14584 [-/127.0.0.1/-/3ms POST /v1/collection] nodejs.TypeError: Cannot read property 'id' of null
    at OperatingGoodsController.collection (C:\Users\92093\Desktop\shop\server\app\controller\api\operatingGoods.js:16:24)
    at process._tickCallback (internal/process/next_tick.js:68:7)

pid: 14584
hostname: DESKTOP-G8U2CQ7

2019-07-24 16:10:14,179 ERROR 14584 [-/127.0.0.1/-/4ms POST /v1/collection] nodejs.TypeError: Cannot read property 'id' of null
    at OperatingGoodsController.collection (C:\Users\92093\Desktop\shop\server\app\controller\api\operatingGoods.js:16:24)
    at process._tickCallback (internal/process/next_tick.js:68:7)

pid: 14584
hostname: DESKTOP-G8U2CQ7

2019-07-24 16:10:15,341 ERROR 14584 [-/127.0.0.1/-/3ms POST /v1/collection] nodejs.TypeError: Cannot read property 'id' of null
    at OperatingGoodsController.collection (C:\Users\92093\Desktop\shop\server\app\controller\api\operatingGoods.js:16:24)
    at process._tickCallback (internal/process/next_tick.js:68:7)

pid: 14584
hostname: DESKTOP-G8U2CQ7

2019-07-24 16:10:28,456 ERROR 14584 [-/127.0.0.1/-/3ms POST /v1/collection] nodejs.TypeError: Cannot read property 'id' of null
    at OperatingGoodsController.collection (C:\Users\92093\Desktop\shop\server\app\controller\api\operatingGoods.js:16:24)
    at process._tickCallback (internal/process/next_tick.js:68:7)

pid: 14584
hostname: DESKTOP-G8U2CQ7

2019-07-24 16:10:53,494 ERROR 14584 [-/127.0.0.1/-/3ms POST /v1/collection] nodejs.TypeError: Cannot read property 'id' of null
    at OperatingGoodsController.collection (C:\Users\92093\Desktop\shop\server\app\controller\api\operatingGoods.js:16:24)
    at process._tickCallback (internal/process/next_tick.js:68:7)

pid: 14584
hostname: DESKTOP-G8U2CQ7

2019-07-24 16:11:03,655 ERROR 14584 [-/127.0.0.1/-/3ms POST /v1/collection] nodejs.TypeError: Cannot read property 'id' of null
    at OperatingGoodsController.collection (C:\Users\92093\Desktop\shop\server\app\controller\api\operatingGoods.js:16:24)
    at process._tickCallback (internal/process/next_tick.js:68:7)

pid: 14584
hostname: DESKTOP-G8U2CQ7

2019-07-24 16:14:53,073 ERROR 14584 [-/127.0.0.1/-/6ms POST /v1/collection] nodejs.TypeError: Cannot read property 'id' of null
    at OperatingGoodsController.collection (C:\Users\92093\Desktop\shop\server\app\controller\api\operatingGoods.js:16:24)
    at process._tickCallback (internal/process/next_tick.js:68:7)

pid: 14584
hostname: DESKTOP-G8U2CQ7

2019-07-24 16:16:22,455 ERROR 14584 [-/127.0.0.1/-/3ms POST /v1/collection] nodejs.TypeError: Cannot read property 'id' of null
    at OperatingGoodsController.collection (C:\Users\92093\Desktop\shop\server\app\controller\api\operatingGoods.js:16:24)
    at process._tickCallback (internal/process/next_tick.js:68:7)

pid: 14584
hostname: DESKTOP-G8U2CQ7

2019-07-24 16:18:02,714 ERROR 14584 [-/127.0.0.1/-/6ms POST /v1/collection] nodejs.TypeError: Cannot read property 'id' of null
    at OperatingGoodsController.collection (C:\Users\92093\Desktop\shop\server\app\controller\api\operatingGoods.js:16:24)
    at process._tickCallback (internal/process/next_tick.js:68:7)

pid: 14584
hostname: DESKTOP-G8U2CQ7

2019-07-24 16:26:03,842 ERROR 14584 [-/127.0.0.1/-/4ms POST /v1/collection] nodejs.TypeError: Cannot read property 'id' of null
    at OperatingGoodsController.collection (C:\Users\92093\Desktop\shop\server\app\controller\api\operatingGoods.js:16:24)
    at process._tickCallback (internal/process/next_tick.js:68:7)

pid: 14584
hostname: DESKTOP-G8U2CQ7

2019-07-24 16:41:35,963 ERROR 14584 [-/127.0.0.1/-/3ms POST /v1/collection] nodejs.TypeError: Cannot read property 'id' of null
    at OperatingGoodsController.collection (C:\Users\92093\Desktop\shop\server\app\controller\api\operatingGoods.js:16:24)
    at process._tickCallback (internal/process/next_tick.js:68:7)

pid: 14584
hostname: DESKTOP-G8U2CQ7

2019-07-24 16:42:06,696 ERROR 14584 [-/127.0.0.1/-/2ms POST /v1/collection] nodejs.TypeError: Cannot read property 'id' of null
    at OperatingGoodsController.collection (C:\Users\92093\Desktop\shop\server\app\controller\api\operatingGoods.js:16:24)
    at process._tickCallback (internal/process/next_tick.js:68:7)

pid: 14584
hostname: DESKTOP-G8U2CQ7

2019-07-24 16:43:00,797 ERROR 14584 [-/127.0.0.1/-/3ms POST /v1/collection] nodejs.TypeError: Cannot read property 'id' of null
    at OperatingGoodsController.collection (C:\Users\92093\Desktop\shop\server\app\controller\api\operatingGoods.js:16:24)
    at process._tickCallback (internal/process/next_tick.js:68:7)

pid: 14584
hostname: DESKTOP-G8U2CQ7

2019-07-24 16:43:31,660 ERROR 14584 [-/127.0.0.1/-/3ms POST /v1/collection] nodejs.TypeError: Cannot read property 'id' of null
    at OperatingGoodsController.collection (C:\Users\92093\Desktop\shop\server\app\controller\api\operatingGoods.js:16:24)
    at process._tickCallback (internal/process/next_tick.js:68:7)

pid: 14584
hostname: DESKTOP-G8U2CQ7

2019-07-29 14:08:17,900 ERROR 19136 [-/127.0.0.1/-/14ms POST /v1/order] nodejs.TypeError: Cannot read property 'count' of undefined
    at OperatingGoodsController.order (C:\Users\92093\Desktop\shop\server\app\controller\api\operatingGoods.js:197:34)
    at process._tickCallback (internal/process/next_tick.js:68:7)

pid: 19136
hostname: DESKTOP-G8U2CQ7

